[debug] [2024-08-19T07:46:26.252Z] ----------------------------------------------------------------------
[debug] [2024-08-19T07:46:26.253Z] Command:       /Users/deelaka/.nvm/versions/node/v22.2.0/bin/node /Users/deelaka/.nvm/versions/node/v22.2.0/bin/firebase init
[debug] [2024-08-19T07:46:26.253Z] CLI Version:   13.15.1
[debug] [2024-08-19T07:46:26.253Z] Platform:      darwin
[debug] [2024-08-19T07:46:26.253Z] Node Version:  v22.2.0
[debug] [2024-08-19T07:46:26.254Z] Time:          Mon Aug 19 2024 13:16:26 GMT+0530 (India Standard Time)
[debug] [2024-08-19T07:46:26.254Z] ----------------------------------------------------------------------
[debug] 
[debug] [2024-08-19T07:46:26.255Z] >>> [apiv2][query] GET https://firebase-public.firebaseio.com/cli.json [none]
[debug] [2024-08-19T07:46:26.281Z] > command requires scopes: ["email","openid","https://www.googleapis.com/auth/cloudplatformprojects.readonly","https://www.googleapis.com/auth/firebase","https://www.googleapis.com/auth/cloud-platform"]
[debug] [2024-08-19T07:46:26.281Z] > authorizing via signed-in user (deelakagalpaya714@gmail.com)
[info] 
     ######## #### ########  ######## ########     ###     ######  ########
     ##        ##  ##     ## ##       ##     ##  ##   ##  ##       ##
     ######    ##  ########  ######   ########  #########  ######  ######
     ##        ##  ##    ##  ##       ##     ## ##     ##       ## ##
     ##       #### ##     ## ######## ########  ##     ##  ######  ########

You're about to initialize a Firebase project in this directory:

  /Users/deelaka/Desktop/3d-room-planner

[debug] [2024-08-19T07:46:27.225Z] <<< [apiv2][status] GET https://firebase-public.firebaseio.com/cli.json 200
[debug] [2024-08-19T07:46:27.226Z] <<< [apiv2][body] GET https://firebase-public.firebaseio.com/cli.json {"cloudBuildErrorAfter":1594252800000,"cloudBuildWarnAfter":1590019200000,"defaultNode10After":1594252800000,"minVersion":"3.0.5","node8DeploysDisabledAfter":1613390400000,"node8RuntimeDisabledAfter":1615809600000,"node8WarnAfter":1600128000000}
